0 info it worked if it ends with ok
1 verbose cli [ '/usr/local/Cellar/node/5.1.0/bin/node',
1 verbose cli   '/usr/local/bin/npm',
1 verbose cli   'run',
1 verbose cli   'commit' ]
2 info using npm@3.5.2
3 info using node@v5.1.0
4 verbose run-script [ 'precommit', 'commit', 'postcommit' ]
5 info lifecycle semonitor@0.1.3~precommit: semonitor@0.1.3
6 silly lifecycle semonitor@0.1.3~precommit: no script for precommit, continuing
7 info lifecycle semonitor@0.1.3~commit: semonitor@0.1.3
8 verbose lifecycle semonitor@0.1.3~commit: unsafe-perm in lifecycle true
9 verbose lifecycle semonitor@0.1.3~commit: PATH: /usr/local/lib/node_modules/npm/bin/node-gyp-bin:/Users/jk/gits/hub/mynpm/semonitor/node_modules/.bin:/Users/jk/anaconda/bin:/usr/local/bin:/usr/bin:/bin:/usr/sbin:/sbin
10 verbose lifecycle semonitor@0.1.3~commit: CWD: /Users/jk/gits/hub/mynpm/semonitor
11 silly lifecycle semonitor@0.1.3~commit: Args: [ '-c', 'npm-run-all patch pub' ]
12 silly lifecycle semonitor@0.1.3~commit: Returned: code: 1  signal: null
13 info lifecycle semonitor@0.1.3~commit: Failed to exec commit script
14 verbose stack Error: semonitor@0.1.3 commit: `npm-run-all patch pub`
14 verbose stack Exit status 1
14 verbose stack     at EventEmitter.<anonymous> (/usr/local/lib/node_modules/npm/lib/utils/lifecycle.js:232:16)
14 verbose stack     at emitTwo (events.js:87:13)
14 verbose stack     at EventEmitter.emit (events.js:172:7)
14 verbose stack     at ChildProcess.<anonymous> (/usr/local/lib/node_modules/npm/lib/utils/spawn.js:24:14)
14 verbose stack     at emitTwo (events.js:87:13)
14 verbose stack     at ChildProcess.emit (events.js:172:7)
14 verbose stack     at maybeClose (internal/child_process.js:818:16)
14 verbose stack     at Process.ChildProcess._handle.onexit (internal/child_process.js:211:5)
15 verbose pkgid semonitor@0.1.3
16 verbose cwd /Users/jk/gits/hub/mynpm/semonitor
17 error Darwin 15.4.0
18 error argv "/usr/local/Cellar/node/5.1.0/bin/node" "/usr/local/bin/npm" "run" "commit"
19 error node v5.1.0
20 error npm  v3.5.2
21 error code ELIFECYCLE
22 error semonitor@0.1.3 commit: `npm-run-all patch pub`
22 error Exit status 1
23 error Failed at the semonitor@0.1.3 commit script 'npm-run-all patch pub'.
23 error Make sure you have the latest version of node.js and npm installed.
23 error If you do, this is most likely a problem with the semonitor package,
23 error not with npm itself.
23 error Tell the author that this fails on your system:
23 error     npm-run-all patch pub
23 error You can get information on how to open an issue for this project with:
23 error     npm bugs semonitor
23 error Or if that isn't available, you can get their info via:
23 error     npm owner ls semonitor
23 error There is likely additional logging output above.
24 verbose exit [ 1, true ]
